# JRE version: Java(TM) SE Runtime Environment (8.0_05-b13) (build 1.8.0_05-b13)
# Java VM: Java HotSpot(TM) 64-Bit Server VM (25.5-b02 mixed mode windows-amd64 compressed oops)
Heap:
 PSYoungGen      total 58880K, used 49557K [0x00000000eab00000, 0x00000000efe00000, 0x0000000100000000)
  eden space 55296K, 89% used [0x00000000eab00000,0x00000000edb65748,0x00000000ee100000)
  from space 3584K, 0% used [0x00000000ee100000,0x00000000ee100000,0x00000000ee480000)
  to   space 3584K, 0% used [0x00000000efa80000,0x00000000efa80000,0x00000000efe00000)
 ParOldGen       total 10752K, used 8135K [0x00000000c0000000, 0x00000000c0a80000, 0x00000000eab00000)
  object space 10752K, 75% used [0x00000000c0000000,0x00000000c07f1c78,0x00000000c0a80000)
 Metaspace       used 23536K, capacity 24104K, committed 24448K, reserved 1071104K
  class space    used 3155K, capacity 3337K, committed 3456K, reserved 1048576K
GC Heap History (10 events):
Event: 6.442 GC heap before
{Heap before GC invocations=18 (full 0):
 PSYoungGen      total 31744K, used 30492K [0x00000000eab00000, 0x00000000ed880000, 0x0000000100000000)
  eden space 28160K, 100% used [0x00000000eab00000,0x00000000ec680000,0x00000000ec680000)
  from space 3584K, 65% used [0x00000000ec680000,0x00000000ec8c7318,0x00000000eca00000)
  to   space 3584K, 0% used [0x00000000ed500000,0x00000000ed500000,0x00000000ed880000)
 ParOldGen       total 162304K, used 6867K [0x00000000c0000000, 0x00000000c9e80000, 0x00000000eab00000)
  object space 162304K, 4% used [0x00000000c0000000,0x00000000c06b4ed0,0x00000000c9e80000)
 Metaspace       used 20051K, capacity 20366K, committed 20608K, reserved 1067008K
  class space    used 2752K, capacity 2861K, committed 2944K, reserved 1048576K
Event: 6.444 GC heap after
Heap after GC invocations=18 (full 0):
 PSYoungGen      total 43008K, used 256K [0x00000000eab00000, 0x00000000ed880000, 0x0000000100000000)
  eden space 39424K, 0% used [0x00000000eab00000,0x00000000eab00000,0x00000000ed180000)
  from space 3584K, 7% used [0x00000000ed500000,0x00000000ed540010,0x00000000ed880000)
  to   space 3584K, 0% used [0x00000000ed180000,0x00000000ed180000,0x00000000ed500000)
 ParOldGen       total 162304K, used 7948K [0x00000000c0000000, 0x00000000c9e80000, 0x00000000eab00000)
  object space 162304K, 4% used [0x00000000c0000000,0x00000000c07c3010,0x00000000c9e80000)
 Metaspace       used 20051K, capacity 20366K, committed 20608K, reserved 1067008K
  class space    used 2752K, capacity 2861K, committed 2944K, reserved 1048576K
}
Event: 6.585 GC heap before
{Heap before GC invocations=19 (full 0):
 PSYoungGen      total 43008K, used 39680K [0x00000000eab00000, 0x00000000ed880000, 0x0000000100000000)
  eden space 39424K, 100% used [0x00000000eab00000,0x00000000ed180000,0x00000000ed180000)
  from space 3584K, 7% used [0x00000000ed500000,0x00000000ed540010,0x00000000ed880000)
  to   space 3584K, 0% used [0x00000000ed180000,0x00000000ed180000,0x00000000ed500000)
 ParOldGen       total 162304K, used 7948K [0x00000000c0000000, 0x00000000c9e80000, 0x00000000eab00000)
  object space 162304K, 4% used [0x00000000c0000000,0x00000000c07c3010,0x00000000c9e80000)
 Metaspace       used 20062K, capacity 20366K, committed 20608K, reserved 1067008K
  class space    used 2752K, capacity 2861K, committed 2944K, reserved 1048576K
Event: 6.586 GC heap after
Heap after GC invocations=19 (full 0):
 PSYoungGen      total 43008K, used 288K [0x00000000eab00000, 0x00000000ee800000, 0x0000000100000000)
  eden space 39424K, 0% used [0x00000000eab00000,0x00000000eab00000,0x00000000ed180000)
  from space 3584K, 8% used [0x00000000ed180000,0x00000000ed1c8000,0x00000000ed500000)
  to   space 3584K, 0% used [0x00000000ee480000,0x00000000ee480000,0x00000000ee800000)
 ParOldGen       total 162304K, used 8132K [0x00000000c0000000, 0x00000000c9e80000, 0x00000000eab00000)
  object space 162304K, 5% used [0x00000000c0000000,0x00000000c07f1020,0x00000000c9e80000)
 Metaspace       used 20062K, capacity 20366K, committed 20608K, reserved 1067008K
  class space    used 2752K, capacity 2861K, committed 2944K, reserved 1048576K
}
Event: 6.746 GC heap before
{Heap before GC invocations=20 (full 0):
 PSYoungGen      total 43008K, used 39712K [0x00000000eab00000, 0x00000000ee800000, 0x0000000100000000)
  eden space 39424K, 100% used [0x00000000eab00000,0x00000000ed180000,0x00000000ed180000)
  from space 3584K, 8% used [0x00000000ed180000,0x00000000ed1c8000,0x00000000ed500000)
  to   space 3584K, 0% used [0x00000000ee480000,0x00000000ee480000,0x00000000ee800000)
 ParOldGen       total 162304K, used 8132K [0x00000000c0000000, 0x00000000c9e80000, 0x00000000eab00000)
  object space 162304K, 5% used [0x00000000c0000000,0x00000000c07f1020,0x00000000c9e80000)
 Metaspace       used 20225K, capacity 20494K, committed 20864K, reserved 1067008K
  class space    used 2771K, capacity 2861K, committed 2944K, reserved 1048576K
Event: 6.747 GC heap after
Heap after GC invocations=20 (full 0):
 PSYoungGen      total 58880K, used 672K [0x00000000eab00000, 0x00000000ee800000, 0x0000000100000000)
  eden space 55296K, 0% used [0x00000000eab00000,0x00000000eab00000,0x00000000ee100000)
  from space 3584K, 18% used [0x00000000ee480000,0x00000000ee528000,0x00000000ee800000)
  to   space 3584K, 0% used [0x00000000ee100000,0x00000000ee100000,0x00000000ee480000)
 ParOldGen       total 162304K, used 8340K [0x00000000c0000000, 0x00000000c9e80000, 0x00000000eab00000)
  object space 162304K, 5% used [0x00000000c0000000,0x00000000c0825030,0x00000000c9e80000)
 Metaspace       used 20225K, capacity 20494K, committed 20864K, reserved 1067008K
  class space    used 2771K, capacity 2861K, committed 2944K, reserved 1048576K
}
Event: 6.807 GC heap before
{Heap before GC invocations=21 (full 0):
 PSYoungGen      total 58880K, used 3997K [0x00000000eab00000, 0x00000000ee800000, 0x0000000100000000)
  eden space 55296K, 6% used [0x00000000eab00000,0x00000000eae3f558,0x00000000ee100000)
  from space 3584K, 18% used [0x00000000ee480000,0x00000000ee528000,0x00000000ee800000)
  to   space 3584K, 0% used [0x00000000ee100000,0x00000000ee100000,0x00000000ee480000)
 ParOldGen       total 162304K, used 8340K [0x00000000c0000000, 0x00000000c9e80000, 0x00000000eab00000)
  object space 162304K, 5% used [0x00000000c0000000,0x00000000c0825030,0x00000000c9e80000)
 Metaspace       used 20903K, capacity 21204K, committed 21296K, reserved 1067008K
  class space    used 2828K, capacity 2926K, committed 2944K, reserved 1048576K
Event: 6.810 GC heap after
Heap after GC invocations=21 (full 0):
 PSYoungGen      total 58880K, used 971K [0x00000000eab00000, 0x00000000efe00000, 0x0000000100000000)
  eden space 55296K, 0% used [0x00000000eab00000,0x00000000eab00000,0x00000000ee100000)
  from space 3584K, 27% used [0x00000000ee100000,0x00000000ee1f2e38,0x00000000ee480000)
  to   space 3584K, 0% used [0x00000000efa80000,0x00000000efa80000,0x00000000efe00000)
 ParOldGen       total 162304K, used 8832K [0x00000000c0000000, 0x00000000c9e80000, 0x00000000eab00000)
  object space 162304K, 5% used [0x00000000c0000000,0x00000000c08a0040,0x00000000c9e80000)
 Metaspace       used 20903K, capacity 21204K, committed 21296K, reserved 1067008K
  class space    used 2828K, capacity 2926K, committed 2944K, reserved 1048576K
}
Event: 6.810 GC heap before
{Heap before GC invocations=22 (full 1):
 PSYoungGen      total 58880K, used 971K [0x00000000eab00000, 0x00000000efe00000, 0x0000000100000000)
  eden space 55296K, 0% used [0x00000000eab00000,0x00000000eab00000,0x00000000ee100000)
  from space 3584K, 27% used [0x00000000ee100000,0x00000000ee1f2e38,0x00000000ee480000)
  to   space 3584K, 0% used [0x00000000efa80000,0x00000000efa80000,0x00000000efe00000)
 ParOldGen       total 162304K, used 8832K [0x00000000c0000000, 0x00000000c9e80000, 0x00000000eab00000)
  object space 162304K, 5% used [0x00000000c0000000,0x00000000c08a0040,0x00000000c9e80000)
 Metaspace       used 20903K, capacity 21204K, committed 21296K, reserved 1067008K
  class space    used 2828K, capacity 2926K, committed 2944K, reserved 1048576K
Event: 6.875 GC heap after
Heap after GC invocations=22 (full 1):
 PSYoungGen      total 58880K, used 0K [0x00000000eab00000, 0x00000000efe00000, 0x0000000100000000)
  eden space 55296K, 0% used [0x00000000eab00000,0x00000000eab00000,0x00000000ee100000)
  from space 3584K, 0% used [0x00000000ee100000,0x00000000ee100000,0x00000000ee480000)
  to   space 3584K, 0% used [0x00000000efa80000,0x00000000efa80000,0x00000000efe00000)
 ParOldGen       total 10752K, used 8135K [0x00000000c0000000, 0x00000000c0a80000, 0x00000000eab00000)
  object space 10752K, 75% used [0x00000000c0000000,0x00000000c07f1c78,0x00000000c0a80000)
 Metaspace       used 20903K, capacity 21204K, committed 21296K, reserved 1067008K
  class space    used 2828K, capacity 2926K, committed 2944K, reserved 1048576K
}

